[16:06:18] [Client thread/INFO] [JMLogger] JourneyMap log initialized.
[16:06:18] [Client thread/INFO] [JourneymapClient] initialize ENTER
[16:06:18] [Client thread/INFO] [?] Version: JourneyMap 1.12.2-5.5.2, built with Forge 14.23.0.2491
Forge: 14.23.5.2847
Environment: os.name, os.arch, java.version, user.country, user.language=null, game language=zh_cn, locale=zh_cn
Features: 
	RadarPlayers : singleplayer = true , multiplayer = true
	RadarAnimals : singleplayer = true , multiplayer = true
	RadarMobs : singleplayer = true , multiplayer = true
	RadarVillagers : singleplayer = true , multiplayer = true
	MapTopo : singleplayer = true , multiplayer = true
	MapSurface : singleplayer = true , multiplayer = true
	MapCaves : singleplayer = true , multiplayer = true
MiniMapProperties{state=Valid, file=journeymap.minimap.config, configVersion=5.5.2, zoomLevel=0, showPlayers=true, frameAlpha=100, compassFontScale=1, terrainAlpha=100, showEntityNames=true, enabled=true, showPlayerHeading=true, showVillagers=true, info2Label=Game Time, sizePercent=30, showDayNight=true, info3Label=Location, showMobs=true, showPets=true, preferredMapType=day, showCompass=true, mobDisplay=Small Dots, showReticle=true, orientation=North, shape=圆形, showSelf=true, info4Label=Biome, locationFormat=xzyv, playerDisplay=Small Dots, showGrid=true, reticleOrientation=罗盘模式, showWaypoints=true, showCaves=true, showAnimals=true, showMobHeading=true, showWaypointLabels=true, locationFormatVerbose=true, position=屏幕右上, info1Label=Blank, fontScale=1}
MiniMapProperties{state=Valid, file=journeymap.minimap2.config, configVersion=5.5.2, zoomLevel=0, showPlayers=true, frameAlpha=100, compassFontScale=1, terrainAlpha=100, showEntityNames=true, enabled=true, showPlayerHeading=true, showVillagers=true, info2Label=Game Time, sizePercent=30, showDayNight=true, info3Label=Location, showMobs=true, showPets=true, preferredMapType=day, showCompass=true, mobDisplay=Small Dots, showReticle=true, orientation=North, shape=矩形, showSelf=true, info4Label=Biome, locationFormat=xzyv, playerDisplay=Small Dots, showGrid=true, reticleOrientation=罗盘模式, showWaypoints=true, showCaves=true, showAnimals=true, showMobHeading=true, showWaypointLabels=true, locationFormatVerbose=true, position=屏幕右上, info1Label=Blank, fontScale=1}
FullMapProperties{state=Valid, file=journeymap.fullmap.config, configVersion=5.5.2, mobDisplay=Small Dots, zoomLevel=0, showPlayers=true, showSelf=true, locationFormat=xzyv, playerDisplay=Small Dots, showGrid=true, showEntityNames=true, showPlayerHeading=true, showVillagers=true, showWaypoints=true, showCaves=true, showAnimals=true, showMobHeading=true, showKeys=true, showWaypointLabels=true, locationFormatVerbose=true, showMobs=true, showPets=true, fontScale=1, preferredMapType=day}
WaypointProperties{state=Valid, file=journeymap.waypoint.config, configVersion=5.5.2, createDeathpoints=true, showName=true, maxDistance=0, autoHideLabel=true, showStaticBeam=true, minDistance=4, boldLabel=false, textureSmall=true, showDistance=true, showRotatingBeam=true, fontScale=2, showTexture=true, managerEnabled=true, beaconEnabled=true}
WebMapProperties{state=Valid, file=journeymap.webmap.config, configVersion=5.5.2, zoomLevel=0, showWaypoints=true, showCaves=true, showSelf=true, port=8080, showGrid=true, showEntityNames=true, enabled=false, googleMapApiDomain=.com, preferredMapType=day}
CoreProperties{state=Valid, file=journeymap.core.config, configVersion=5.5.2, verboseColorPalette=false, maxPlayersData=32, mapSurfaceAboveCaves=true, optionsManagerViewed=5.5.2, announceMod=true, colorPassive=#bbbbbb, renderOverlayEventTypeName=ALL, mapBlendWater=false, renderDistanceSurfaceMax=7, radarVerticalDistance=16, mapBlendGrass=true, recordCacheStats=false, hideSneakingEntities=true, revealShape=圆形, alwaysMapSurface=false, colorVillager=#88e188, mapPlants=false, colorPet=#0077ff, radarLateralDistance=64, mapBathymetry=false, mapCrops=true, maxMobsData=32, mapPlantShadows=false, alwaysMapCaves=false, checkUpdates=true, browserPoll=2000, mapBlendFoliage=true, mappingEnabled=true, colorPlayer=#ffffff, tileHighDisplayQuality=true, cacheVillagersData=2200, logLevel=INFO, maxVillagersData=32, maxAnimalsData=32, mapTransparency=true, tileRenderType=1, caveIgnoreGlass=true, mapTopography=true, renderDistanceCaveMax=3, mapAntialiasing=true, colorSelf=#0000ff, cachePlayersData=2000, cacheMobsData=3000, cachePlayerData=1000, splashViewed=5.5.2, colorHostile=#ff0000, cacheAnimalsData=3100, themeName=OceanMonument, mapCaveLighting=true, renderDelay=2, renderOverlayPreEvent=true, autoMapPoll=2000}
[16:06:18] [Client thread/INFO] [ClientAPI] [ClientAPI] built with JourneyMap API 1.4
[16:06:18] [Client thread/INFO] [PluginHelper] Initializing plugins with Client API: journeymap.client.api.impl.ClientAPI
[16:06:18] [Client thread/INFO] [JourneymapClient] initialize EXIT, elapsed count 0 avg ?ms
[16:06:19] [Client thread/DEBUG] [JourneymapClient] postInitialize ENTER
[16:06:19] [Client thread/DEBUG] [EventHandlerManager] Handler registered: journeymap.client.forge.event.KeyEventHandler
[16:06:19] [Client thread/DEBUG] [EventHandlerManager] Handler registered: journeymap.client.forge.event.ChatEventHandler
[16:06:19] [Client thread/DEBUG] [EventHandlerManager] Handler registered: journeymap.client.forge.event.StateTickHandler
[16:06:19] [Client thread/DEBUG] [EventHandlerManager] Handler registered: journeymap.client.forge.event.WorldEventHandler
[16:06:19] [Client thread/DEBUG] [EventHandlerManager] Handler registered: journeymap.client.forge.event.WaypointBeaconHandler
[16:06:19] [Client thread/DEBUG] [EventHandlerManager] Handler registered: journeymap.client.forge.event.TextureAtlasHandler
[16:06:19] [Client thread/DEBUG] [EventHandlerManager] Handler registered: journeymap.client.forge.event.MiniMapOverlayHandler
[16:06:19] [Client thread/DEBUG] [EventHandlerManager] Handler registered: journeymap.client.world.ChunkMonitor
[16:06:19] [Client thread/INFO] [IconSetFileHandler] Added entity icons from journeymap:icon/entity. Success: false
[16:06:19] [Client thread/TRACE] [ThemeLoader] Initializing themes ...
[16:06:20] [Client thread/INFO] [ThemeLoader] Preloaded theme textures: 71
[16:06:20] [Client thread/DEBUG] [JourneymapClient] postInitialize EXIT, elapsed§8 count §r1§8 avg §r486.95§8ms§r
[16:06:41] [JM-VersionCheck-1/ERROR] [VersionCheck$1] Could not check version URL
java.net.ConnectException: Connection timed out: connect
	at java.net.TwoStacksPlainSocketImpl.socketConnect(Native Method) ~[?:1.8.0_51]
	at java.net.AbstractPlainSocketImpl.doConnect(Unknown Source) ~[?:1.8.0_51]
	at java.net.AbstractPlainSocketImpl.connectToAddress(Unknown Source) ~[?:1.8.0_51]
	at java.net.AbstractPlainSocketImpl.connect(Unknown Source) ~[?:1.8.0_51]
	at java.net.PlainSocketImpl.connect(Unknown Source) ~[?:1.8.0_51]
	at java.net.SocksSocketImpl.connect(Unknown Source) ~[?:1.8.0_51]
	at java.net.Socket.connect(Unknown Source) ~[?:1.8.0_51]
	at java.net.Socket.connect(Unknown Source) ~[?:1.8.0_51]
	at sun.net.NetworkClient.doConnect(Unknown Source) ~[?:1.8.0_51]
	at sun.net.www.http.HttpClient.openServer(Unknown Source) ~[?:1.8.0_51]
	at sun.net.www.http.HttpClient.openServer(Unknown Source) ~[?:1.8.0_51]
	at sun.net.www.http.HttpClient.<init>(Unknown Source) ~[?:1.8.0_51]
	at sun.net.www.http.HttpClient.New(Unknown Source) ~[?:1.8.0_51]
	at sun.net.www.http.HttpClient.New(Unknown Source) ~[?:1.8.0_51]
	at sun.net.www.protocol.http.HttpURLConnection.getNewHttpClient(Unknown Source) ~[?:1.8.0_51]
	at sun.net.www.protocol.http.HttpURLConnection.plainConnect0(Unknown Source) ~[?:1.8.0_51]
	at sun.net.www.protocol.http.HttpURLConnection$6.run(Unknown Source) ~[?:1.8.0_51]
	at sun.net.www.protocol.http.HttpURLConnection$6.run(Unknown Source) ~[?:1.8.0_51]
	at java.security.AccessController.doPrivileged(Native Method) ~[?:1.8.0_51]
	at java.security.AccessController.doPrivileged(Unknown Source) ~[?:1.8.0_51]
	at sun.net.www.protocol.http.HttpURLConnection.plainConnect(Unknown Source) ~[?:1.8.0_51]
	at sun.net.www.protocol.http.HttpURLConnection.connect(Unknown Source) ~[?:1.8.0_51]
	at sun.net.www.protocol.http.HttpURLConnection.getInputStream0(Unknown Source) ~[?:1.8.0_51]
	at sun.net.www.protocol.http.HttpURLConnection.access$200(Unknown Source) ~[?:1.8.0_51]
	at sun.net.www.protocol.http.HttpURLConnection$9.run(Unknown Source) ~[?:1.8.0_51]
	at sun.net.www.protocol.http.HttpURLConnection$9.run(Unknown Source) ~[?:1.8.0_51]
	at java.security.AccessController.doPrivileged(Native Method) ~[?:1.8.0_51]
	at java.security.AccessController.doPrivileged(Unknown Source) ~[?:1.8.0_51]
	at sun.net.www.protocol.http.HttpURLConnection.getInputStream(Unknown Source) ~[?:1.8.0_51]
	at java.net.URL.openStream(Unknown Source) ~[?:1.8.0_51]
	at journeymap.common.version.VersionCheck$1.run(VersionCheck.java:128) [VersionCheck$1.class:1.12.2-5.5.2]
	at java.util.concurrent.Executors$RunnableAdapter.call(Unknown Source) [?:1.8.0_51]
	at java.util.concurrent.FutureTask.run(Unknown Source) [?:1.8.0_51]
	at java.util.concurrent.ThreadPoolExecutor.runWorker(Unknown Source) [?:1.8.0_51]
	at java.util.concurrent.ThreadPoolExecutor$Worker.run(Unknown Source) [?:1.8.0_51]
	at java.lang.Thread.run(Unknown Source) [?:1.8.0_51]
[16:06:43] [Server thread/ERROR] [DataCache] ExecutionException in getPlayer: com.google.common.util.concurrent.UncheckedExecutionException: java.lang.NullPointerException
	at com.google.common.cache.LocalCache$Segment.get(LocalCache.java:2217)
	at com.google.common.cache.LocalCache.get(LocalCache.java:4154)
	at com.google.common.cache.LocalCache.getOrLoad(LocalCache.java:4158)
	at com.google.common.cache.LocalCache$LocalLoadingCache.get(LocalCache.java:5147)
	at journeymap.client.data.DataCache.getPlayer(DataCache.java:303)
	at journeymap.client.data.DataCache.getPlayer(DataCache.java:190)
	at journeymap.client.forge.event.WorldEventHandler.onUnload(WorldEventHandler.java:33)
	at net.minecraftforge.fml.common.eventhandler.ASMEventHandler_282_WorldEventHandler_onUnload_Unload.invoke(.dynamic)
	at net.minecraftforge.fml.common.eventhandler.ASMEventHandler.invoke(ASMEventHandler.java:90)
	at net.minecraftforge.fml.common.eventhandler.EventBus.post(EventBus.java:182)
	at net.minecraftforge.common.DimensionManager.unloadWorlds(DimensionManager.java:403)
	at net.minecraft.server.MinecraftServer.func_71190_q(MinecraftServer.java:788)
	at net.minecraft.server.MinecraftServer.func_71217_p(MinecraftServer.java:668)
	at net.minecraft.server.integrated.IntegratedServer.func_71217_p(IntegratedServer.java:279)
	at net.minecraft.server.MinecraftServer.run(MinecraftServer.java:526)
	at java.lang.Thread.run(Unknown Source)
Caused by: java.lang.NullPointerException
	at com.google.common.base.Preconditions.checkNotNull(Preconditions.java:770)
	at com.google.common.cache.LocalCache.get(LocalCache.java:4153)
	at com.google.common.cache.LocalCache.getOrLoad(LocalCache.java:4158)
	at com.google.common.cache.LocalCache$LocalLoadingCache.get(LocalCache.java:5147)
	at com.google.common.cache.LocalCache$LocalLoadingCache.getUnchecked(LocalCache.java:5153)
	at journeymap.client.data.DataCache.getEntityDTO(DataCache.java:441)
	at journeymap.client.data.PlayerData.load(PlayerData.java:86)
	at journeymap.client.data.PlayerData.load(PlayerData.java:30)
	at com.google.common.cache.LocalCache$LoadingValueReference.loadFuture(LocalCache.java:3716)
	at com.google.common.cache.LocalCache$Segment.loadSync(LocalCache.java:2424)
	at com.google.common.cache.LocalCache$Segment.lockedGetOrLoad(LocalCache.java:2298)
	at com.google.common.cache.LocalCache$Segment.get(LocalCache.java:2211)
	... 15 more

[16:06:43] [Server thread/ERROR] [WorldEventHandler] Error handling WorldEvent.Unload
java.lang.NullPointerException: null
	at journeymap.client.forge.event.WorldEventHandler.onUnload(WorldEventHandler.java:33) [WorldEventHandler.class:1.12.2-5.5.2]
	at net.minecraftforge.fml.common.eventhandler.ASMEventHandler_282_WorldEventHandler_onUnload_Unload.invoke(.dynamic) [?:?]
	at net.minecraftforge.fml.common.eventhandler.ASMEventHandler.invoke(ASMEventHandler.java:90) [ASMEventHandler.class:?]
	at net.minecraftforge.fml.common.eventhandler.EventBus.post(EventBus.java:182) [EventBus.class:?]
	at net.minecraftforge.common.DimensionManager.unloadWorlds(DimensionManager.java:403) [DimensionManager.class:?]
	at net.minecraft.server.MinecraftServer.func_71190_q(MinecraftServer.java:788) [MinecraftServer.class:?]
	at net.minecraft.server.MinecraftServer.func_71217_p(MinecraftServer.java:668) [MinecraftServer.class:?]
	at net.minecraft.server.integrated.IntegratedServer.func_71217_p(IntegratedServer.java:279) [chd.class:?]
	at net.minecraft.server.MinecraftServer.run(MinecraftServer.java:526) [MinecraftServer.class:?]
	at java.lang.Thread.run(Unknown Source) [?:1.8.0_51]
[16:06:43] [Server thread/ERROR] [DataCache] ExecutionException in getPlayer: com.google.common.util.concurrent.UncheckedExecutionException: java.lang.NullPointerException
	at com.google.common.cache.LocalCache$Segment.get(LocalCache.java:2217)
	at com.google.common.cache.LocalCache.get(LocalCache.java:4154)
	at com.google.common.cache.LocalCache.getOrLoad(LocalCache.java:4158)
	at com.google.common.cache.LocalCache$LocalLoadingCache.get(LocalCache.java:5147)
	at journeymap.client.data.DataCache.getPlayer(DataCache.java:303)
	at journeymap.client.data.DataCache.getPlayer(DataCache.java:190)
	at journeymap.client.forge.event.WorldEventHandler.onUnload(WorldEventHandler.java:33)
	at net.minecraftforge.fml.common.eventhandler.ASMEventHandler_282_WorldEventHandler_onUnload_Unload.invoke(.dynamic)
	at net.minecraftforge.fml.common.eventhandler.ASMEventHandler.invoke(ASMEventHandler.java:90)
	at net.minecraftforge.fml.common.eventhandler.EventBus.post(EventBus.java:182)
	at net.minecraftforge.common.DimensionManager.unloadWorlds(DimensionManager.java:403)
	at net.minecraft.server.MinecraftServer.func_71190_q(MinecraftServer.java:788)
	at net.minecraft.server.MinecraftServer.func_71217_p(MinecraftServer.java:668)
	at net.minecraft.server.integrated.IntegratedServer.func_71217_p(IntegratedServer.java:279)
	at net.minecraft.server.MinecraftServer.run(MinecraftServer.java:526)
	at java.lang.Thread.run(Unknown Source)
Caused by: java.lang.NullPointerException
	at com.google.common.base.Preconditions.checkNotNull(Preconditions.java:770)
	at com.google.common.cache.LocalCache.get(LocalCache.java:4153)
	at com.google.common.cache.LocalCache.getOrLoad(LocalCache.java:4158)
	at com.google.common.cache.LocalCache$LocalLoadingCache.get(LocalCache.java:5147)
	at com.google.common.cache.LocalCache$LocalLoadingCache.getUnchecked(LocalCache.java:5153)
	at journeymap.client.data.DataCache.getEntityDTO(DataCache.java:441)
	at journeymap.client.data.PlayerData.load(PlayerData.java:86)
	at journeymap.client.data.PlayerData.load(PlayerData.java:30)
	at com.google.common.cache.LocalCache$LoadingValueReference.loadFuture(LocalCache.java:3716)
	at com.google.common.cache.LocalCache$Segment.loadSync(LocalCache.java:2424)
	at com.google.common.cache.LocalCache$Segment.lockedGetOrLoad(LocalCache.java:2298)
	at com.google.common.cache.LocalCache$Segment.get(LocalCache.java:2211)
	... 15 more

[16:06:43] [Server thread/ERROR] [WorldEventHandler] Error handling WorldEvent.Unload
java.lang.NullPointerException: null
	at journeymap.client.forge.event.WorldEventHandler.onUnload(WorldEventHandler.java:33) [WorldEventHandler.class:1.12.2-5.5.2]
	at net.minecraftforge.fml.common.eventhandler.ASMEventHandler_282_WorldEventHandler_onUnload_Unload.invoke(.dynamic) [?:?]
	at net.minecraftforge.fml.common.eventhandler.ASMEventHandler.invoke(ASMEventHandler.java:90) [ASMEventHandler.class:?]
	at net.minecraftforge.fml.common.eventhandler.EventBus.post(EventBus.java:182) [EventBus.class:?]
	at net.minecraftforge.common.DimensionManager.unloadWorlds(DimensionManager.java:403) [DimensionManager.class:?]
	at net.minecraft.server.MinecraftServer.func_71190_q(MinecraftServer.java:788) [MinecraftServer.class:?]
	at net.minecraft.server.MinecraftServer.func_71217_p(MinecraftServer.java:668) [MinecraftServer.class:?]
	at net.minecraft.server.integrated.IntegratedServer.func_71217_p(IntegratedServer.java:279) [chd.class:?]
	at net.minecraft.server.MinecraftServer.run(MinecraftServer.java:526) [MinecraftServer.class:?]
	at java.lang.Thread.run(Unknown Source) [?:1.8.0_51]
[16:06:43] [Server thread/ERROR] [DataCache] ExecutionException in getPlayer: com.google.common.util.concurrent.UncheckedExecutionException: java.lang.NullPointerException
	at com.google.common.cache.LocalCache$Segment.get(LocalCache.java:2217)
	at com.google.common.cache.LocalCache.get(LocalCache.java:4154)
	at com.google.common.cache.LocalCache.getOrLoad(LocalCache.java:4158)
	at com.google.common.cache.LocalCache$LocalLoadingCache.get(LocalCache.java:5147)
	at journeymap.client.data.DataCache.getPlayer(DataCache.java:303)
	at journeymap.client.data.DataCache.getPlayer(DataCache.java:190)
	at journeymap.client.forge.event.WorldEventHandler.onUnload(WorldEventHandler.java:33)
	at net.minecraftforge.fml.common.eventhandler.ASMEventHandler_282_WorldEventHandler_onUnload_Unload.invoke(.dynamic)
	at net.minecraftforge.fml.common.eventhandler.ASMEventHandler.invoke(ASMEventHandler.java:90)
	at net.minecraftforge.fml.common.eventhandler.EventBus.post(EventBus.java:182)
	at net.minecraftforge.common.DimensionManager.unloadWorlds(DimensionManager.java:403)
	at net.minecraft.server.MinecraftServer.func_71190_q(MinecraftServer.java:788)
	at net.minecraft.server.MinecraftServer.func_71217_p(MinecraftServer.java:668)
	at net.minecraft.server.integrated.IntegratedServer.func_71217_p(IntegratedServer.java:279)
	at net.minecraft.server.MinecraftServer.run(MinecraftServer.java:526)
	at java.lang.Thread.run(Unknown Source)
Caused by: java.lang.NullPointerException
	at com.google.common.base.Preconditions.checkNotNull(Preconditions.java:770)
	at com.google.common.cache.LocalCache.get(LocalCache.java:4153)
	at com.google.common.cache.LocalCache.getOrLoad(LocalCache.java:4158)
	at com.google.common.cache.LocalCache$LocalLoadingCache.get(LocalCache.java:5147)
	at com.google.common.cache.LocalCache$LocalLoadingCache.getUnchecked(LocalCache.java:5153)
	at journeymap.client.data.DataCache.getEntityDTO(DataCache.java:441)
	at journeymap.client.data.PlayerData.load(PlayerData.java:86)
	at journeymap.client.data.PlayerData.load(PlayerData.java:30)
	at com.google.common.cache.LocalCache$LoadingValueReference.loadFuture(LocalCache.java:3716)
	at com.google.common.cache.LocalCache$Segment.loadSync(LocalCache.java:2424)
	at com.google.common.cache.LocalCache$Segment.lockedGetOrLoad(LocalCache.java:2298)
	at com.google.common.cache.LocalCache$Segment.get(LocalCache.java:2211)
	... 15 more

[16:06:43] [Server thread/ERROR] [WorldEventHandler] Error handling WorldEvent.Unload
java.lang.NullPointerException: null
	at journeymap.client.forge.event.WorldEventHandler.onUnload(WorldEventHandler.java:33) [WorldEventHandler.class:1.12.2-5.5.2]
	at net.minecraftforge.fml.common.eventhandler.ASMEventHandler_282_WorldEventHandler_onUnload_Unload.invoke(.dynamic) [?:?]
	at net.minecraftforge.fml.common.eventhandler.ASMEventHandler.invoke(ASMEventHandler.java:90) [ASMEventHandler.class:?]
	at net.minecraftforge.fml.common.eventhandler.EventBus.post(EventBus.java:182) [EventBus.class:?]
	at net.minecraftforge.common.DimensionManager.unloadWorlds(DimensionManager.java:403) [DimensionManager.class:?]
	at net.minecraft.server.MinecraftServer.func_71190_q(MinecraftServer.java:788) [MinecraftServer.class:?]
	at net.minecraft.server.MinecraftServer.func_71217_p(MinecraftServer.java:668) [MinecraftServer.class:?]
	at net.minecraft.server.integrated.IntegratedServer.func_71217_p(IntegratedServer.java:279) [chd.class:?]
	at net.minecraft.server.MinecraftServer.run(MinecraftServer.java:526) [MinecraftServer.class:?]
	at java.lang.Thread.run(Unknown Source) [?:1.8.0_51]
[16:06:48] [Client thread/INFO] [TopoRenderer] Loading journeymap.topo.config
[16:06:48] [Client thread/INFO] [WaypointStore] Loaded 0 waypoints from C:\mc\minecraft\.minecraft\journeymap\data\sp\~\waypoints
[16:06:48] [Client thread/INFO] [JourneymapClient] Mapping started in C:\mc\minecraft\.minecraft\journeymap\data\sp\~\DIM0. Memory: 2256MB total, 1591MB free 
[16:06:48] [Client thread/INFO] [ChatLog] JourneyMap: 按下[J]键
[16:18:18] [Client thread/INFO] [JourneymapClient] Mapping halted in C:\mc\minecraft\.minecraft\journeymap\data\sp\~\DIM0
[16:18:18] [Client thread/WARN] [ColorPalette] Existing color palette's resource packs no longer match current loadout.
[16:18:18] [Client thread/INFO] [ColorPalette] WAS: Default
NOW: Faithful 1.12.2.zip:zip
[16:18:24] [Netty Client IO #1/INFO] [LoginPacket$Listener] Login Packet received
[16:18:24] [Client thread/INFO] [TopoRenderer] Loading journeymap.topo.config
[16:18:24] [Client thread/INFO] [WaypointStore] Loaded 2 waypoints from C:\mc\minecraft\.minecraft\journeymap\data\mp\Minecraft~\waypoints
[16:18:24] [Client thread/INFO] [JourneymapClient] Mapping started in C:\mc\minecraft\.minecraft\journeymap\data\mp\Minecraft~\DIM0. Memory: 1440MB total, 849MB free 
[16:18:27] [Client thread/INFO] [JourneymapClient] Mapping halted in C:\mc\minecraft\.minecraft\journeymap\data\mp\Minecraft~\DIM0
[16:18:27] [Client thread/WARN] [ColorPalette] Existing color palette's resource packs no longer match current loadout.
[16:18:27] [Client thread/INFO] [ColorPalette] WAS: Default
NOW: Faithful 1.12.2.zip:zip
