[2020-05-31 16:06:48] [pool-4-thread-1 INFO] CustomSkinLoader 14.11
[2020-05-31 16:06:48] [pool-4-thread-1 INFO] DataDir: C:\mc\minecraft\.minecraft\CustomSkinLoader
[2020-05-31 16:06:48] [pool-4-thread-1 INFO] Minecraft: 1.12.2(1.12.2)
[2020-05-31 16:06:48] [pool-4-thread-1 INFO] Config File: C:\mc\minecraft\.minecraft\CustomSkinLoader\CustomSkinLoader.json
[2020-05-31 16:06:48] [pool-4-thread-1 INFO] Try to load config.
[2020-05-31 16:06:48] [pool-4-thread-1 INFO] Successfully load config.
[2020-05-31 16:06:48] [pool-4-thread-1 INFO] version : 14.11
[2020-05-31 16:06:48] [pool-4-thread-1 INFO] enableDynamicSkull : true
[2020-05-31 16:06:48] [pool-4-thread-1 INFO] enableTransparentSkin : true
[2020-05-31 16:06:48] [pool-4-thread-1 INFO] ignoreHttpsCertificate : false
[2020-05-31 16:06:48] [pool-4-thread-1 INFO] forceLoadAllTextures : false
[2020-05-31 16:06:48] [pool-4-thread-1 INFO] enableCape : true
[2020-05-31 16:06:48] [pool-4-thread-1 INFO] cacheExpiry : 30
[2020-05-31 16:06:48] [pool-4-thread-1 INFO] enableUpdateSkull : false
[2020-05-31 16:06:48] [pool-4-thread-1 INFO] enableLocalProfileCache : false
[2020-05-31 16:06:48] [pool-4-thread-1 INFO] enableCacheAutoClean : false
[2020-05-31 16:06:48] [pool-4-thread-1 INFO] loadList : 7
[2020-05-31 16:06:48] [FogMode INFO] Loading FogMode's profile.
[2020-05-31 16:06:48] [FogMode INFO] 1/7 Try to load profile from 'Mojang'.
[2020-05-31 16:06:48] [FogMode DEBUG] Try to request 'https://api.mojang.com/users/profiles/minecraft/FogMode'.
[2020-05-31 16:06:48] [FogMode DEBUG] Cache file found (Length: 0 , Path: 'C:\mc\minecraft\.minecraft\CustomSkinLoader\caches\0a16cd8679e55fc855458e8c922bc7ffe3ad88f6' , Expire: 0')
[2020-05-31 16:06:48] [FogMode INFO] Try to load from cache 'C:\mc\minecraft\.minecraft\CustomSkinLoader\caches\0a16cd8679e55fc855458e8c922bc7ffe3ad88f6'.
[2020-05-31 16:06:48] [FogMode DEBUG] Successfully load from cache
[2020-05-31 16:06:48] [FogMode DEBUG] Content: 
[2020-05-31 16:06:48] [FogMode INFO] Profile not found.(FogMode's profile not found.)
[2020-05-31 16:06:48] [FogMode INFO] 2/7 Try to load profile from 'LittleSkin'.
[2020-05-31 16:06:48] [FogMode DEBUG] Try to request 'https://littleskin.cn/FogMode.json'.
[2020-05-31 16:06:48] [FogMode DEBUG] Successfully request (Response Code: 304 , Content Length: -1)
[2020-05-31 16:06:48] [FogMode DEBUG] Cache file found (Length: 3 , Path: 'C:\mc\minecraft\.minecraft\CustomSkinLoader\caches\f8a1b4f139b5cfe496ddf80321a65741e5cb1eaa' , Expire: 0')
[2020-05-31 16:06:48] [FogMode INFO] Try to load from cache 'C:\mc\minecraft\.minecraft\CustomSkinLoader\caches\f8a1b4f139b5cfe496ddf80321a65741e5cb1eaa'.
[2020-05-31 16:06:48] [FogMode DEBUG] Successfully load from cache
[2020-05-31 16:06:48] [FogMode DEBUG] Content: {}

[2020-05-31 16:06:48] [FogMode INFO] Both skin and cape not found.
[2020-05-31 16:06:48] [FogMode INFO] 3/7 Try to load profile from 'BlessingSkin'.
[2020-05-31 16:06:48] [FogMode DEBUG] Try to request 'http://skin.prinzeugen.net/FogMode.json'.
[2020-05-31 16:06:51] [FogMode DEBUG] Failed to request (Response Code: 404)
[2020-05-31 16:06:51] [FogMode INFO] Profile not found.
[2020-05-31 16:06:51] [FogMode INFO] 4/7 Try to load profile from 'ElyBy'.
[2020-05-31 16:06:51] [FogMode DEBUG] Try to request 'http://skinsystem.ely.by/textures/FogMode?version=2&minecraft_version=1.12.2'.
[2020-05-31 16:06:51] [FogMode DEBUG] Successfully request (Response Code: 204 , Content Length: -1)
[2020-05-31 16:06:51] [FogMode DEBUG] Saved to cache (Length: 0 , Path: 'C:\mc\minecraft\.minecraft\CustomSkinLoader\caches\989780c4da62791ecde5be26c74c3b7764d074d4' , Expire: 1590916011)
[2020-05-31 16:06:51] [FogMode DEBUG] Content: 
[2020-05-31 16:06:51] [FogMode INFO] Profile not found.
[2020-05-31 16:06:51] [FogMode INFO] 5/7 Try to load profile from 'SkinMe'.
[2020-05-31 16:06:51] [FogMode DEBUG] Try to request 'http://www.skinme.cc/uniskin/FogMode.json'.
[2020-05-31 16:06:51] [FogMode DEBUG] Successfully request (Response Code: 200 , Content Length: 97)
[2020-05-31 16:06:51] [FogMode DEBUG] Saved to cache (Length: 97 , Path: 'C:\mc\minecraft\.minecraft\CustomSkinLoader\caches\396c927fad5ff0a986149d7ab05cd64437dc0536' , Expire: 1590912503)
[2020-05-31 16:06:51] [FogMode DEBUG] Content: {"player_name":"FogMode","model_preference":["default"],"skins":{"default":"skinme_skin_820533"}}
[2020-05-31 16:06:51] [FogMode INFO] FogMode's profile loaded.
[2020-05-31 16:06:51] [FogMode INFO] (SkinUrl: http://www.skinme.cc/uniskin/textures/skinme_skin_820533 , Model: default , CapeUrl: null  , Expiry: 1590912442)
[2020-05-31 16:06:51] [Client thread DEBUG] Loading type:SKIN
[2020-05-31 16:18:24] [FogMode INFO] Loading FogMode's profile.
[2020-05-31 16:18:24] [FogMode INFO] 1/7 Try to load profile from 'Mojang'.
[2020-05-31 16:18:24] [FogMode DEBUG] Try to request 'https://api.mojang.com/users/profiles/minecraft/FogMode'.
[2020-05-31 16:18:24] [FogMode DEBUG] Cache file found (Length: 0 , Path: 'C:\mc\minecraft\.minecraft\CustomSkinLoader\caches\0a16cd8679e55fc855458e8c922bc7ffe3ad88f6' , Expire: 0')
[2020-05-31 16:18:24] [FogMode INFO] Try to load from cache 'C:\mc\minecraft\.minecraft\CustomSkinLoader\caches\0a16cd8679e55fc855458e8c922bc7ffe3ad88f6'.
[2020-05-31 16:18:24] [FogMode DEBUG] Successfully load from cache
[2020-05-31 16:18:24] [FogMode DEBUG] Content: 
[2020-05-31 16:18:24] [FogMode INFO] Profile not found.(FogMode's profile not found.)
[2020-05-31 16:18:24] [FogMode INFO] 2/7 Try to load profile from 'LittleSkin'.
[2020-05-31 16:18:24] [FogMode DEBUG] Try to request 'https://littleskin.cn/FogMode.json'.
[2020-05-31 16:18:25] [FogMode DEBUG] Successfully request (Response Code: 304 , Content Length: -1)
[2020-05-31 16:18:25] [FogMode DEBUG] Cache file found (Length: 3 , Path: 'C:\mc\minecraft\.minecraft\CustomSkinLoader\caches\f8a1b4f139b5cfe496ddf80321a65741e5cb1eaa' , Expire: 0')
[2020-05-31 16:18:25] [FogMode INFO] Try to load from cache 'C:\mc\minecraft\.minecraft\CustomSkinLoader\caches\f8a1b4f139b5cfe496ddf80321a65741e5cb1eaa'.
[2020-05-31 16:18:25] [FogMode DEBUG] Successfully load from cache
[2020-05-31 16:18:25] [FogMode DEBUG] Content: {}

[2020-05-31 16:18:25] [FogMode INFO] Both skin and cape not found.
[2020-05-31 16:18:25] [FogMode INFO] 3/7 Try to load profile from 'BlessingSkin'.
[2020-05-31 16:18:25] [FogMode DEBUG] Try to request 'http://skin.prinzeugen.net/FogMode.json'.
[2020-05-31 16:18:26] [FogMode DEBUG] Failed to request (Response Code: 404)
[2020-05-31 16:18:26] [FogMode INFO] Profile not found.
[2020-05-31 16:18:26] [FogMode INFO] 4/7 Try to load profile from 'ElyBy'.
[2020-05-31 16:18:26] [FogMode DEBUG] Try to request 'http://skinsystem.ely.by/textures/FogMode?version=2&minecraft_version=1.12.2'.
[2020-05-31 16:18:26] [FogMode DEBUG] Cache file found (Length: 0 , Path: 'C:\mc\minecraft\.minecraft\CustomSkinLoader\caches\989780c4da62791ecde5be26c74c3b7764d074d4' , Expire: 1590916011')
[2020-05-31 16:18:26] [FogMode INFO] Try to load from cache 'C:\mc\minecraft\.minecraft\CustomSkinLoader\caches\989780c4da62791ecde5be26c74c3b7764d074d4'.
[2020-05-31 16:18:26] [FogMode DEBUG] Successfully load from cache
[2020-05-31 16:18:26] [FogMode DEBUG] Content: 
[2020-05-31 16:18:26] [FogMode INFO] Profile not found.
[2020-05-31 16:18:26] [FogMode INFO] 5/7 Try to load profile from 'SkinMe'.
[2020-05-31 16:18:26] [FogMode DEBUG] Try to request 'http://www.skinme.cc/uniskin/FogMode.json'.
[2020-05-31 16:18:26] [FogMode DEBUG] Successfully request (Response Code: 200 , Content Length: 97)
[2020-05-31 16:18:26] [FogMode DEBUG] Saved to cache (Length: 97 , Path: 'C:\mc\minecraft\.minecraft\CustomSkinLoader\caches\396c927fad5ff0a986149d7ab05cd64437dc0536' , Expire: 1590913201)
[2020-05-31 16:18:26] [FogMode DEBUG] Content: {"player_name":"FogMode","model_preference":["default"],"skins":{"default":"skinme_skin_820533"}}
[2020-05-31 16:18:26] [FogMode INFO] FogMode's profile loaded.
[2020-05-31 16:18:26] [FogMode INFO] (SkinUrl: http://www.skinme.cc/uniskin/textures/skinme_skin_820533 , Model: default , CapeUrl: null  , Expiry: 1590913139)
[2020-05-31 16:18:26] [Client thread DEBUG] Loading type:SKIN
